0 info it worked if it ends with ok
1 verbose cli [ '/usr/bin/node', '/usr/bin/npm', 'install', '-g', 'ionic' ]
2 info using npm@1.4.28
3 info using node@v0.10.40
4 verbose node symlink /usr/bin/node
5 verbose cache add [ 'ionic', null ]
6 verbose cache add name=undefined spec="ionic" args=["ionic",null]
7 verbose parsed url { protocol: null,
7 verbose parsed url   slashes: null,
7 verbose parsed url   auth: null,
7 verbose parsed url   host: null,
7 verbose parsed url   port: null,
7 verbose parsed url   hostname: null,
7 verbose parsed url   hash: null,
7 verbose parsed url   search: null,
7 verbose parsed url   query: null,
7 verbose parsed url   pathname: 'ionic',
7 verbose parsed url   path: 'ionic',
7 verbose parsed url   href: 'ionic' }
8 silly lockFile 00d10074-ionic ionic
9 verbose lock ionic /home/dlbmc/.npm/00d10074-ionic.lock
10 silly lockFile 00d10074-ionic ionic
11 silly lockFile 00d10074-ionic ionic
12 verbose addNamed [ 'ionic', '' ]
13 verbose addNamed [ null, '*' ]
14 silly lockFile 966fc04a-ionic ionic@
15 verbose lock ionic@ /home/dlbmc/.npm/966fc04a-ionic.lock
16 silly addNameRange { name: 'ionic', range: '*', hasData: false }
17 verbose request where is /ionic
18 verbose request registry https://registry.npmjs.org/
19 verbose request id 724879d8f2b70291
20 verbose url raw /ionic
21 verbose url resolving [ 'https://registry.npmjs.org/', './ionic' ]
22 verbose url resolved https://registry.npmjs.org/ionic
23 verbose request where is https://registry.npmjs.org/ionic
24 info trying registry request attempt 1 at 12:58:44
25 verbose etag "C1XNGD7WTS2ZPWP88G77ZSMZT"
26 http GET https://registry.npmjs.org/ionic
27 http 200 https://registry.npmjs.org/ionic
28 silly registry.get cb [ 200,
28 silly registry.get   { server: 'CouchDB/1.5.0 (Erlang OTP/R16B03)',
28 silly registry.get     etag: '"2XI2KJ4DEVSZXX06UNJY8G2UB"',
28 silly registry.get     'content-type': 'application/json',
28 silly registry.get     'cache-control': 'max-age=60',
28 silly registry.get     'content-length': '501075',
28 silly registry.get     'accept-ranges': 'bytes',
28 silly registry.get     date: 'Thu, 01 Oct 2015 16:00:02 GMT',
28 silly registry.get     via: '1.1 varnish',
28 silly registry.get     age: '0',
28 silly registry.get     connection: 'keep-alive',
28 silly registry.get     'x-served-by': 'cache-atl6221-ATL',
28 silly registry.get     'x-cache': 'HIT',
28 silly registry.get     'x-cache-hits': '1',
28 silly registry.get     'x-timer': 'S1443715202.153622,VS0,VE354',
28 silly registry.get     vary: 'Accept' } ]
29 silly addNameRange number 2 { name: 'ionic', range: '*', hasData: true }
30 silly addNameRange versions [ 'ionic',
30 silly addNameRange   [ '0.9.6',
30 silly addNameRange     '0.9.8',
30 silly addNameRange     '0.9.9',
30 silly addNameRange     '0.9.10',
30 silly addNameRange     '0.9.11',
30 silly addNameRange     '0.9.12',
30 silly addNameRange     '0.9.13',
30 silly addNameRange     '0.9.14',
30 silly addNameRange     '0.9.15',
30 silly addNameRange     '0.9.16',
30 silly addNameRange     '1.0.0-beta.1',
30 silly addNameRange     '1.0.0-beta',
30 silly addNameRange     '1.0.1-beta',
30 silly addNameRange     '1.0.3-beta',
30 silly addNameRange     '1.0.4',
30 silly addNameRange     '1.0.5',
30 silly addNameRange     '1.0.6',
30 silly addNameRange     '1.0.7',
30 silly addNameRange     '1.0.8',
30 silly addNameRange     '1.0.9',
30 silly addNameRange     '1.0.10',
30 silly addNameRange     '1.0.11',
30 silly addNameRange     '1.0.12',
30 silly addNameRange     '1.0.13',
30 silly addNameRange     '1.0.14',
30 silly addNameRange     '1.0.15',
30 silly addNameRange     '1.0.16',
30 silly addNameRange     '1.0.17',
30 silly addNameRange     '1.1.0-beta1',
30 silly addNameRange     '1.1.0-beta2',
30 silly addNameRange     '1.1.0-beta3',
30 silly addNameRange     '1.1.0-beta4',
30 silly addNameRange     '1.1.0-beta5',
30 silly addNameRange     '1.1.0-beta6',
30 silly addNameRange     '1.1.0',
30 silly addNameRange     '1.1.1-beta1',
30 silly addNameRange     '1.1.1-beta2',
30 silly addNameRange     '1.1.1-beta3',
30 silly addNameRange     '1.1.1',
30 silly addNameRange     '1.1.3',
30 silly addNameRange     '1.1.4',
30 silly addNameRange     '1.1.5-beta1',
30 silly addNameRange     '1.1.5-beta2',
30 silly addNameRange     '1.1.5-beta3',
30 silly addNameRange     '1.1.5-beta4',
30 silly addNameRange     '1.1.5-beta5',
30 silly addNameRange     '1.1.5',
30 silly addNameRange     '1.1.6',
30 silly addNameRange     '1.1.7-beta1',
30 silly addNameRange     '1.1.7',
30 silly addNameRange     '1.1.8-beta1',
30 silly addNameRange     '1.1.8-beta2',
30 silly addNameRange     '1.1.8-beta3',
30 silly addNameRange     '1.1.8-beta4',
30 silly addNameRange     '1.1.8-beta5',
30 silly addNameRange     '1.1.8',
30 silly addNameRange     '1.1.9-beta1',
30 silly addNameRange     '1.1.9',
30 silly addNameRange     '1.1.10',
30 silly addNameRange     '1.1.11-beta1',
30 silly addNameRange     '1.1.11-beta2',
30 silly addNameRange     '1.1.11',
30 silly addNameRange     '1.1.12-beta1',
30 silly addNameRange     '1.1.12-beta2',
30 silly addNameRange     '1.1.12-beta3',
30 silly addNameRange     '1.1.12',
30 silly addNameRange     '1.1.13',
30 silly addNameRange     '1.1.14-beta1',
30 silly addNameRange     '1.1.14-beta2',
30 silly addNameRange     '1.1.14-beta3',
30 silly addNameRange     '1.2.0-beta1',
30 silly addNameRange     '1.2.0',
30 silly addNameRange     '1.2.1-beta1',
30 silly addNameRange     '1.2.1-beta2',
30 silly addNameRange     '1.2.1-beta3',
30 silly addNameRange     '1.2.1-beta4',
30 silly addNameRange     '1.2.1',
30 silly addNameRange     '1.2.2',
30 silly addNameRange     '1.2.3-beta1',
30 silly addNameRange     '1.2.3-beta2',
30 silly addNameRange     '1.2.3-beta3',
30 silly addNameRange     '1.2.3',
30 silly addNameRange     '1.2.4-beta1',
30 silly addNameRange     '1.2.4-beta2',
30 silly addNameRange     '1.2.4-beta3',
30 silly addNameRange     '1.2.4',
30 silly addNameRange     '1.2.5-beta1',
30 silly addNameRange     '1.2.5-beta2',
30 silly addNameRange     '1.2.5-beta3',
30 silly addNameRange     '1.2.5',
30 silly addNameRange     '1.2.6-beta1',
30 silly addNameRange     '1.2.6-beta2',
30 silly addNameRange     '1.2.6-beta3',
30 silly addNameRange     '1.2.6',
30 silly addNameRange     '1.2.7',
30 silly addNameRange     '1.2.8-beta1',
30 silly addNameRange     '1.2.8-beta2',
30 silly addNameRange     '1.2.8',
30 silly addNameRange     '1.2.9',
30 silly addNameRange     '1.2.10',
30 silly addNameRange     '1.2.11',
30 silly addNameRange     '1.2.12',
30 silly addNameRange     '1.2.13',
30 silly addNameRange     '1.2.14-beta1',
30 silly addNameRange     '1.2.14-beta2',
30 silly addNameRange     '1.2.14-beta3',
30 silly addNameRange     '1.2.14-beta4',
30 silly addNameRange     '1.2.14-beta5',
30 silly addNameRange     '1.2.14-beta6',
30 silly addNameRange     '1.2.14',
30 silly addNameRange     '1.3.0-beta1',
30 silly addNameRange     '1.3.0',
30 silly addNameRange     '1.3.1',
30 silly addNameRange     '1.3.2',
30 silly addNameRange     '1.3.3',
30 silly addNameRange     '1.3.4',
30 silly addNameRange     '1.3.5',
30 silly addNameRange     '1.3.6',
30 silly addNameRange     '1.3.7',
30 silly addNameRange     '1.3.8',
30 silly addNameRange     '1.3.9',
30 silly addNameRange     '1.3.10',
30 silly addNameRange     '1.4.0-alpha.1',
30 silly addNameRange     '1.3.11',
30 silly addNameRange     '1.3.1-1.alpha.0',
30 silly addNameRange     '1.4.0-alpha.2',
30 silly addNameRange     '1.3.12',
30 silly addNameRange     '1.3.12-beta.1',
30 silly addNameRange     '1.3.12-beta.2',
30 silly addNameRange     '1.3.13-beta.0',
30 silly addNameRange     '1.3.1-3.beta.1',
30 silly addNameRange     '1.3.1-3.beta.2',
30 silly addNameRange     '1.3.13',
30 silly addNameRange     '1.3.1-3.beta.4',
30 silly addNameRange     '1.3.14-beta',
30 silly addNameRange     '1.3.14-beta.1',
30 silly addNameRange     '1.4.0-alpha.3',
30 silly addNameRange     '1.3.14',
30 silly addNameRange     '1.4.0-alpha.4',
30 silly addNameRange     '1.4.0-alpha.5',
30 silly addNameRange     '1.3.15-beta.0',
30 silly addNameRange     '1.3.15-beta.1',
30 silly addNameRange     '1.3.15-beta.2',
30 silly addNameRange     '1.3.15-beta.3',
30 silly addNameRange     '1.3.15-beta.4',
30 silly addNameRange     '1.3.15',
30 silly addNameRange     '1.3.16',
30 silly addNameRange     '1.4.0-alpha.6',
30 silly addNameRange     '1.3.17-beta.0',
30 silly addNameRange     '1.3.17-beta.1',
30 silly addNameRange     '1.3.17-beta.2',
30 silly addNameRange     '1.3.17-beta.3',
30 silly addNameRange     '1.3.1-7.beta.4',
30 silly addNameRange     '1.3.17',
30 silly addNameRange     '1.3.18-beta.0',
30 silly addNameRange     '1.3.18-beta.1',
30 silly addNameRange     '1.3.18-beta.2',
30 silly addNameRange     '1.3.18-beta.3',
30 silly addNameRange     '1.3.18',
30 silly addNameRange     '1.3.19-beta.0',
30 silly addNameRange     '1.3.19-beta.1',
30 silly addNameRange     '1.3.19-beta.2',
30 silly addNameRange     '1.3.19-beta.3',
30 silly addNameRange     '1.3.19-beta.4',
30 silly addNameRange     '1.3.19',
30 silly addNameRange     '1.3.20',
30 silly addNameRange     '1.4.1-beta.0',
30 silly addNameRange     '1.4.0-beta.1',
30 silly addNameRange     '1.4.0-beta.2',
30 silly addNameRange     '1.4.0-beta.3',
30 silly addNameRange     '1.4.0-beta.5',
30 silly addNameRange     '1.4.0-beta.6',
30 silly addNameRange     '1.4.0-beta.7',
30 silly addNameRange     '1.3.21-beta.0',
30 silly addNameRange     '1.3.21-beta.1',
30 silly addNameRange     '1.3.21',
30 silly addNameRange     '1.3.22',
30 silly addNameRange     '1.4.0-beta.8',
30 silly addNameRange     '1.4.0-beta.9',
30 silly addNameRange     '1.4.0-beta.10',
30 silly addNameRange     '1.4.0-beta.11',
30 silly addNameRange     '1.4.0-beta.12',
30 silly addNameRange     '1.4.0-beta.13',
30 silly addNameRange     '1.4.0-beta.14',
30 silly addNameRange     '1.4.0-beta.15',
30 silly addNameRange     '1.4.0-beta.16',
30 silly addNameRange     '1.4.0-beta.17',
30 silly addNameRange     '1.4.0-beta.18',
30 silly addNameRange     '1.4.0',
30 silly addNameRange     '1.4.1',
30 silly addNameRange     '1.4.2',
30 silly addNameRange     '1.4.3',
30 silly addNameRange     '1.4.4-beta.0',
30 silly addNameRange     '1.4.4-beta.2',
30 silly addNameRange     '1.4.4',
30 silly addNameRange     '1.4.5-beta.0',
30 silly addNameRange     '1.4.5-beta.1',
30 silly addNameRange     '1.4.5-beta.2',
30 silly addNameRange     '1.4.5-beta.3',
30 silly addNameRange     '1.4.5',
30 silly addNameRange     '1.4.6-beta.0',
30 silly addNameRange     '1.4.6',
30 silly addNameRange     '1.4.7',
30 silly addNameRange     '1.4.8',
30 silly addNameRange     '1.5.0-beta.0',
30 silly addNameRange     '1.5.0-beta.1',
30 silly addNameRange     '1.5.0',
30 silly addNameRange     '1.5.1-beta.0',
30 silly addNameRange     '1.5.1-beta.1',
30 silly addNameRange     '1.5.1-beta.2',
30 silly addNameRange     '1.5.1-beta.3',
30 silly addNameRange     '1.5.1-beta.4',
30 silly addNameRange     '1.5.1',
30 silly addNameRange     '1.5.2',
30 silly addNameRange     '1.5.3',
30 silly addNameRange     '1.5.4',
30 silly addNameRange     '1.5.5',
30 silly addNameRange     '1.6.0-beta.1',
30 silly addNameRange     '1.6.0',
30 silly addNameRange     '1.6.1',
30 silly addNameRange     '1.6.2-beta.0',
30 silly addNameRange     '1.6.2-beta.1',
30 silly addNameRange     '1.6.2-beta.2',
30 silly addNameRange     '1.6.2',
30 silly addNameRange     '1.6.3-beta.0',
30 silly addNameRange     '1.6.3-beta.1',
30 silly addNameRange     '1.6.3',
30 silly addNameRange     '1.6.4-beta.0',
30 silly addNameRange     '1.6.4-beta.1',
30 silly addNameRange     '1.6.4',
30 silly addNameRange     '1.7.0-beta.0',
30 silly addNameRange     '1.7.0-beta.1',
30 silly addNameRange     '1.7.0-beta.2',
30 silly addNameRange     '1.7.0-beta.3',
30 silly addNameRange     '2.0.0-alpha.1',
30 silly addNameRange     '2.0.0-alpha.3',
30 silly addNameRange     '1.7.0-beta.4',
30 silly addNameRange     '1.6.5-testing.0',
30 silly addNameRange     '1.6.5-testing.1',
30 silly addNameRange     '1.6.5-testing.2',
30 silly addNameRange     '1.6.5-testing.3',
30 silly addNameRange     '1.6.5',
30 silly addNameRange     '2.0.0-alpha.4' ] ]
31 verbose addNamed [ 'ionic', '1.6.5' ]
32 verbose addNamed [ '1.6.5', '1.6.5' ]
33 silly lockFile 270d0364-ionic-1-6-5 ionic@1.6.5
34 verbose lock ionic@1.6.5 /home/dlbmc/.npm/270d0364-ionic-1-6-5.lock
35 silly lockFile ebde563e--npmjs-org-ionic-ionic-1-6-5-tgz https://registry.npmjs.org/ionic/-/ionic-1.6.5.tgz
36 verbose lock https://registry.npmjs.org/ionic/-/ionic-1.6.5.tgz /home/dlbmc/.npm/ebde563e--npmjs-org-ionic-ionic-1-6-5-tgz.lock
37 verbose addRemoteTarball [ 'https://registry.npmjs.org/ionic/-/ionic-1.6.5.tgz',
37 verbose addRemoteTarball   'a7d46ad23f1f488629f6ea5691ec1086130b3dd9' ]
38 info retry fetch attempt 1 at 12:58:46
39 verbose fetch to= /tmp/npm-18658-sMy65JQL/registry.npmjs.org/ionic/-/ionic-1.6.5.tgz
40 http GET https://registry.npmjs.org/ionic/-/ionic-1.6.5.tgz
41 http 200 https://registry.npmjs.org/ionic/-/ionic-1.6.5.tgz
42 silly lockFile ebde563e--npmjs-org-ionic-ionic-1-6-5-tgz https://registry.npmjs.org/ionic/-/ionic-1.6.5.tgz
43 silly lockFile ebde563e--npmjs-org-ionic-ionic-1-6-5-tgz https://registry.npmjs.org/ionic/-/ionic-1.6.5.tgz
44 silly lockFile 270d0364-ionic-1-6-5 ionic@1.6.5
45 silly lockFile 270d0364-ionic-1-6-5 ionic@1.6.5
46 silly lockFile 966fc04a-ionic ionic@
47 silly lockFile 966fc04a-ionic ionic@
48 error Error: EACCES, mkdir '/home/dlbmc/.npm/ionic/1.6.5'
48 error  { [Error: EACCES, mkdir '/home/dlbmc/.npm/ionic/1.6.5']
48 error   errno: 3,
48 error   code: 'EACCES',
48 error   path: '/home/dlbmc/.npm/ionic/1.6.5' }
49 error Please try running this command again as root/Administrator.
50 error System Linux 3.5.0-54-generic
51 error command "/usr/bin/node" "/usr/bin/npm" "install" "-g" "ionic"
52 error cwd /home/dlbmc/angular/romildusbarandrestaurant/romildusbarandrestaurantapp
53 error node -v v0.10.40
54 error npm -v 1.4.28
55 error path /home/dlbmc/.npm/ionic/1.6.5
56 error code EACCES
57 error errno 3
58 error stack Error: EACCES, mkdir '/home/dlbmc/.npm/ionic/1.6.5'
59 verbose exit [ 3, true ]
